<?xml version="1.0" encoding="UTF-8"?>
<testsuite xmlns:xsi="http://www.w3.org/2001/XMLSchema-instance" xsi:noNamespaceSchemaLocation="https://maven.apache.org/surefire/maven-surefire-plugin/xsd/surefire-test-report-3.0.xsd" version="3.0" name="br.com.mslogistica.ms_logistica.MsLogisticaApplicationTests" time="6.712" tests="1" errors="0" skipped="0" failures="0">
  <properties>
[...]
</properties>
  <testcase name="contextLoads" classname="br.com.mslogistica.ms_logistica.MsLogisticaApplicationTests" time="0.376">
    <system-out><![CDATA[17:41:57.546 [main] INFO org.springframework.test.context.support.AnnotationConfigContextLoaderUtils -- Could not detect default configuration classes for test class [br.com.mslogistica.ms_logistica.MsLogisticaApplicationTests]: MsLogisticaApplicationTests does not declare any static, non-private, non-final, nested classes annotated with @Configuration.
17:41:57.646 [main] INFO org.springframework.boot.test.context.SpringBootTestContextBootstrapper -- Found @SpringBootConfiguration br.com.mslogistica.ms_logistica.MsLogisticaApplication for test class br.com.mslogistica.ms_logistica.MsLogisticaApplicationTests
17:41:57.804 [main] INFO org.springframework.boot.devtools.restart.RestartApplicationListener -- Restart disabled due to context in which it is running

  .   ____          _            __ _ _
 /\\ / ___'_ __ _ _(_)_ __  __ _ \ \ \ \
( ( )\___ | '_ | '_| | '_ \/ _` | \ \ \ \
 \\/  ___)| |_)| | | | | || (_| |  ) ) ) )
  '  |____| .__|_| |_|_| |_\__, | / / / /
 =========|_|==============|___/=/_/_/_/

 :: Spring Boot ::                (v3.3.5)

2024-11-19T17:41:58.100-03:00  INFO 186885 --- [ms-logistica] [           main] b.c.m.m.MsLogisticaApplicationTests      : Starting MsLogisticaApplicationTests using Java 17.0.12 with PID 186885 (started by felipe-dev in /home/felipe-dev/Área de trabalho/FIAP/TEC-CHALLENGE-MICROSSERVICO/TEC_CHALLENGE_MICROSSERVIÇO/MS-LOGISTICA)
2024-11-19T17:41:58.101-03:00  INFO 186885 --- [ms-logistica] [           main] b.c.m.m.MsLogisticaApplicationTests      : No active profile set, falling back to 1 default profile: "default"
2024-11-19T17:41:59.207-03:00  INFO 186885 --- [ms-logistica] [           main] .s.d.r.c.RepositoryConfigurationDelegate : Bootstrapping Spring Data JPA repositories in DEFAULT mode.
2024-11-19T17:41:59.347-03:00  INFO 186885 --- [ms-logistica] [           main] .s.d.r.c.RepositoryConfigurationDelegate : Finished Spring Data repository scanning in 133 ms. Found 2 JPA repository interfaces.
2024-11-19T17:41:59.715-03:00  INFO 186885 --- [ms-logistica] [           main] o.s.cloud.context.scope.GenericScope     : BeanFactory id=354a3cb3-3f41-31d8-8fc9-29c035404af5
2024-11-19T17:42:00.050-03:00  WARN 186885 --- [ms-logistica] [           main] trationDelegate$BeanPostProcessorChecker : Bean 'org.springframework.cloud.client.loadbalancer.LoadBalancerAutoConfiguration$DeferringLoadBalancerInterceptorConfig' of type [org.springframework.cloud.client.loadbalancer.LoadBalancerAutoConfiguration$DeferringLoadBalancerInterceptorConfig] is not eligible for getting processed by all BeanPostProcessors (for example: not eligible for auto-proxying). The currently created BeanPostProcessor [lbRestClientPostProcessor] is declared through a non-static factory method on that class; consider declaring it as static instead.
2024-11-19T17:42:00.057-03:00  WARN 186885 --- [ms-logistica] [           main] trationDelegate$BeanPostProcessorChecker : Bean 'deferringLoadBalancerInterceptor' of type [org.springframework.cloud.client.loadbalancer.DeferringLoadBalancerInterceptor] is not eligible for getting processed by all BeanPostProcessors (for example: not eligible for auto-proxying). Is this bean getting eagerly injected/applied to a currently created BeanPostProcessor [lbRestClientPostProcessor]? Check the corresponding BeanPostProcessor declaration and its dependencies/advisors. If this bean does not have to be post-processed, declare it with ROLE_INFRASTRUCTURE.
2024-11-19T17:42:00.280-03:00  INFO 186885 --- [ms-logistica] [           main] o.hibernate.jpa.internal.util.LogHelper  : HHH000204: Processing PersistenceUnitInfo [name: default]
2024-11-19T17:42:00.332-03:00  INFO 186885 --- [ms-logistica] [           main] org.hibernate.Version                    : HHH000412: Hibernate ORM core version 6.5.3.Final
2024-11-19T17:42:00.360-03:00  INFO 186885 --- [ms-logistica] [           main] o.h.c.internal.RegionFactoryInitiator    : HHH000026: Second-level cache disabled
2024-11-19T17:42:00.587-03:00  INFO 186885 --- [ms-logistica] [           main] o.s.o.j.p.SpringPersistenceUnitInfo      : No LoadTimeWeaver setup: ignoring JPA class transformer
2024-11-19T17:42:00.615-03:00  INFO 186885 --- [ms-logistica] [           main] com.zaxxer.hikari.HikariDataSource       : HikariPool-1 - Starting...
2024-11-19T17:42:00.750-03:00  INFO 186885 --- [ms-logistica] [           main] com.zaxxer.hikari.pool.HikariPool        : HikariPool-1 - Added connection org.postgresql.jdbc.PgConnection@17332039
2024-11-19T17:42:00.751-03:00  INFO 186885 --- [ms-logistica] [           main] com.zaxxer.hikari.HikariDataSource       : HikariPool-1 - Start completed.
2024-11-19T17:42:00.772-03:00  WARN 186885 --- [ms-logistica] [           main] org.hibernate.orm.deprecation            : HHH90000025: PostgreSQLDialect does not need to be specified explicitly using 'hibernate.dialect' (remove the property setting and it will be selected by default)
2024-11-19T17:42:01.504-03:00  INFO 186885 --- [ms-logistica] [           main] o.h.e.t.j.p.i.JtaPlatformInitiator       : HHH000489: No JTA platform available (set 'hibernate.transaction.jta.platform' to enable JTA platform integration)
2024-11-19T17:42:01.559-03:00  INFO 186885 --- [ms-logistica] [           main] j.LocalContainerEntityManagerFactoryBean : Initialized JPA EntityManagerFactory for persistence unit 'default'
2024-11-19T17:42:03.562-03:00  INFO 186885 --- [ms-logistica] [           main] DiscoveryClientOptionalArgsConfiguration : Eureka HTTP Client uses RestTemplate.
2024-11-19T17:42:03.655-03:00  WARN 186885 --- [ms-logistica] [           main] iguration$LoadBalancerCaffeineWarnLogger : Spring Cloud LoadBalancer is currently working with the default cache. While this cache implementation is useful for development and tests, it's recommended to use Caffeine cache in production.You can switch to using Caffeine cache, by adding it and org.springframework.cache.caffeine.CaffeineCacheManager to the classpath.
2024-11-19T17:42:03.733-03:00  INFO 186885 --- [ms-logistica] [           main] b.c.m.m.MsLogisticaApplicationTests      : Started MsLogisticaApplicationTests in 5.947 seconds (process running for 6.749)
]]></system-out>
  </testcase>
</testsuite>